<?xml version="1.0" encoding="UTF-8"?>
<!-- Generated by org.testng.reporters.JUnitXMLReporter -->
<testsuite ignored="0" hostname="LAPTOP-JR217BMT" failures="2" tests="2" name="Test" time="9.397" errors="0" timestamp="2026-06-24T01:09:42 IST">
  <testcase classname="io.cucumber.testng.AbstractTestNGCucumberTests" name="runScenario" time="8.559">
    <failure type="io.cucumber.testng.UndefinedStepException" message="The step &amp;apos;user is on the Bajaao main screen&amp;apos; and 1 other step(s) are undefined.
You can implement these steps using the snippet(s) below:

@Given(&amp;quot;user is on the Bajaao main screen&amp;quot;)
public void user_is_on_the_bajaao_main_screen() {
    // Write code here that turns the phrase above into concrete actions
    throw new io.cucumber.java.PendingException();
}
@Then(&amp;quot;the search results should be displayed&amp;quot;)
public void the_search_results_should_be_displayed() {
    // Write code here that turns the phrase above into concrete actions
    throw new io.cucumber.java.PendingException();
}
">
      <![CDATA[io.cucumber.testng.UndefinedStepException: The step 'user is on the Bajaao main screen' and 1 other step(s) are undefined.
You can implement these steps using the snippet(s) below:

@Given("user is on the Bajaao main screen")
public void user_is_on_the_bajaao_main_screen() {
    // Write code here that turns the phrase above into concrete actions
    throw new io.cucumber.java.PendingException();
}
@Then("the search results should be displayed")
public void the_search_results_should_be_displayed() {
    // Write code here that turns the phrase above into concrete actions
    throw new io.cucumber.java.PendingException();
}

at ✽.user is on the Bajaao main screen(file:///C:/Users/amaan/eclipse-workspace/framework_project/src/test/resources/features/B.search.feature:5)
]]>
    </failure>
  </testcase> <!-- runScenario -->
  <testcase classname="io.cucumber.testng.AbstractTestNGCucumberTests" name="runScenario" time="8.557">
    <failure type="io.cucumber.testng.UndefinedStepException" message="The step &amp;apos;user has launched the Bajaao website&amp;apos; and 3 other step(s) are undefined.
You can implement these steps using the snippet(s) below:

@Given(&amp;quot;user has launched the Bajaao website&amp;quot;)
public void user_has_launched_the_bajaao_website() {
    // Write code here that turns the phrase above into concrete actions
    throw new io.cucumber.java.PendingException();
}
@When(&amp;quot;user searches for an instrument&amp;quot;)
public void user_searches_for_an_instrument() {
    // Write code here that turns the phrase above into concrete actions
    throw new io.cucumber.java.PendingException();
}
@When(&amp;quot;Range {string} is selected&amp;quot;)
public void range_is_selected(String string) {
    // Write code here that turns the phrase above into concrete actions
    throw new io.cucumber.java.PendingException();
}
@Then(&amp;quot;the price is validated successfully&amp;quot;)
public void the_price_is_validated_successfully() {
    // Write code here that turns the phrase above into concrete actions
    throw new io.cucumber.java.PendingException();
}
">
      <![CDATA[io.cucumber.testng.UndefinedStepException: The step 'user has launched the Bajaao website' and 3 other step(s) are undefined.
You can implement these steps using the snippet(s) below:

@Given("user has launched the Bajaao website")
public void user_has_launched_the_bajaao_website() {
    // Write code here that turns the phrase above into concrete actions
    throw new io.cucumber.java.PendingException();
}
@When("user searches for an instrument")
public void user_searches_for_an_instrument() {
    // Write code here that turns the phrase above into concrete actions
    throw new io.cucumber.java.PendingException();
}
@When("Range {string} is selected")
public void range_is_selected(String string) {
    // Write code here that turns the phrase above into concrete actions
    throw new io.cucumber.java.PendingException();
}
@Then("the price is validated successfully")
public void the_price_is_validated_successfully() {
    // Write code here that turns the phrase above into concrete actions
    throw new io.cucumber.java.PendingException();
}

at ✽.user has launched the Bajaao website(file:///C:/Users/amaan/eclipse-workspace/framework_project/src/test/resources/features/C.filter.feature:5)
]]>
    </failure>
  </testcase> <!-- runScenario -->
</testsuite> <!-- Test -->
