<?xml version="1.0" encoding="UTF-8"?>
<!-- Generated by org.testng.reporters.JUnitXMLReporter -->
<testsuite ignored="0" hostname="LAPTOP-JR217BMT" failures="1" tests="3" name="Test" time="129.028" errors="0" timestamp="2026-06-24T02:47:01 IST">
  <testcase classname="io.cucumber.testng.AbstractTestNGCucumberTests" name="runScenario" time="74.937"/>
  <testcase classname="io.cucumber.testng.AbstractTestNGCucumberTests" name="runScenario" time="76.722"/>
  <testcase classname="io.cucumber.testng.AbstractTestNGCucumberTests" name="runScenario" time="128.428">
    <failure type="java.lang.AssertionError" message="The price filter tags were not displayed on the page. expected [true] but found [false]">
      <![CDATA[java.lang.AssertionError: The price filter tags were not displayed on the page. expected [true] but found [false]
at stepDefinations.FilterSteps.the_price_is_validated_successfully(FilterSteps.java:42)
at ✽.the price is validated successfully(file:///C:/Users/amaan/eclipse-workspace/framework_project/src/test/resources/features/C.filter.feature:8)
... Removed 3 stack frames]]>
    </failure>
  </testcase> <!-- runScenario -->
</testsuite> <!-- Test -->
