<?xml version="1.0" encoding="UTF-8"?>
<testsuite xmlns:xsi="http://www.w3.org/2001/XMLSchema-instance" xsi:noNamespaceSchemaLocation="https://maven.apache.org/surefire/maven-surefire-plugin/xsd/surefire-test-report.xsd" version="3.0.2" name="TestSuite" time="11.158" tests="2" errors="0" skipped="0" failures="2">
  <properties>
[...]
</properties>
  <testcase name="runScenario[&quot;Verify product search functionality&quot;, &quot;Bajaao Product Search Verification&quot;](2)" classname="cucumberOptions.TestRunner" time="8.568">
    <failure message="The step &apos;user is on the Bajaao main screen&apos; and 1 other step(s) are undefined.&#10;You can implement these steps using the snippet(s) below:&#10;&#10;@Given(&quot;user is on the Bajaao main screen&quot;)&#10;public void user_is_on_the_bajaao_main_screen() {&#10;    // Write code here that turns the phrase above into concrete actions&#10;    throw new io.cucumber.java.PendingException();&#10;}&#10;@Then(&quot;the search results should be displayed&quot;)&#10;public void the_search_results_should_be_displayed() {&#10;    // Write code here that turns the phrase above into concrete actions&#10;    throw new io.cucumber.java.PendingException();&#10;}&#10;" type="io.cucumber.testng.UndefinedStepException"><![CDATA[io.cucumber.testng.UndefinedStepException: 
The step 'user is on the Bajaao main screen' and 1 other step(s) are undefined.
You can implement these steps using the snippet(s) below:

@Given("user is on the Bajaao main screen")
public void user_is_on_the_bajaao_main_screen() {
    // Write code here that turns the phrase above into concrete actions
    throw new io.cucumber.java.PendingException();
}
@Then("the search results should be displayed")
public void the_search_results_should_be_displayed() {
    // Write code here that turns the phrase above into concrete actions
    throw new io.cucumber.java.PendingException();
}

	at ✽.user is on the Bajaao main screen(file:///C:/Users/amaan/eclipse-workspace/framework_project/src/test/resources/features/B.search.feature:5)
]]></failure>
    <system-out><![CDATA[
@Filter
&amp#27;[1mScenario Outline:&amp#27;[22m Validating price by filter on search results &amp#27;[90m# src/test/resources/features/C.filter.feature:12&amp#27;[39m

@Search
&amp#27;[1mScenario:&amp#27;[22m Verify product search functionality    &amp#27;[90m# src/test/resources/features/B.search.feature:4&amp#27;[39m
  &amp#27;[33m■&amp#27;[39m &amp#27;[33m&amp#27;[1mGiven &amp#27;[22muser has launched the Bajaao website&amp#27;[39m
  &amp#27;[33m■&amp#27;[39m &amp#27;[33m&amp#27;[1mGiven &amp#27;[22muser is on the Bajaao main screen&amp#27;[39m
  &amp#27;[36m↷&amp#27;[39m &amp#27;[36m&amp#27;[1mWhen &amp#27;[22muser searches for an instrument&amp#27;[39m
  &amp#27;[36m↷&amp#27;[39m &amp#27;[36m&amp#27;[1mWhen &amp#27;[22mthe user searches for &amp#27;[1m"electric guitar"&amp#27;[22m&amp#27;[39m &amp#27;[90m# stepDefinations.SearchSteps.the_user_searches_for(java.lang.String)&amp#27;[39m
  &amp#27;[36m↷&amp#27;[39m &amp#27;[36m&amp#27;[1mAnd &amp#27;[22mRange "5000 - 10000" is selected&amp#27;[39m
  &amp#27;[36m↷&amp#27;[39m &amp#27;[36m&amp#27;[1mThen &amp#27;[22mthe search results should be displayed&amp#27;[39m
  &amp#27;[36m↷&amp#27;[39m &amp#27;[36m&amp#27;[1mThen &amp#27;[22mthe price is validated successfully&amp#27;[39m
]]></system-out>
    <system-err><![CDATA[SLF4J(W): No SLF4J providers were found.
SLF4J(W): Defaulting to no-operation (NOP) logger implementation
SLF4J(W): See https://www.slf4j.org/codes.html#noProviders for further details.
Jun 24, 2026 1:09:34 AM org.openqa.selenium.remote.tracing.opentelemetry.OpenTelemetryTracer createTracer
INFO: Using OpenTelemetry for tracing
]]></system-err>
  </testcase>
  <testcase name="runScenario[&quot;Validating price by filter on search results&quot;, &quot;Validating price by filter functionality&quot;](2)" classname="cucumberOptions.TestRunner" time="8.574">
    <failure message="The step &apos;user has launched the Bajaao website&apos; and 3 other step(s) are undefined.&#10;You can implement these steps using the snippet(s) below:&#10;&#10;@Given(&quot;user has launched the Bajaao website&quot;)&#10;public void user_has_launched_the_bajaao_website() {&#10;    // Write code here that turns the phrase above into concrete actions&#10;    throw new io.cucumber.java.PendingException();&#10;}&#10;@When(&quot;user searches for an instrument&quot;)&#10;public void user_searches_for_an_instrument() {&#10;    // Write code here that turns the phrase above into concrete actions&#10;    throw new io.cucumber.java.PendingException();&#10;}&#10;@When(&quot;Range {string} is selected&quot;)&#10;public void range_is_selected(String string) {&#10;    // Write code here that turns the phrase above into concrete actions&#10;    throw new io.cucumber.java.PendingException();&#10;}&#10;@Then(&quot;the price is validated successfully&quot;)&#10;public void the_price_is_validated_successfully() {&#10;    // Write code here that turns the phrase above into concrete actions&#10;    throw new io.cucumber.java.PendingException();&#10;}&#10;" type="io.cucumber.testng.UndefinedStepException"><![CDATA[io.cucumber.testng.UndefinedStepException: 
The step 'user has launched the Bajaao website' and 3 other step(s) are undefined.
You can implement these steps using the snippet(s) below:

@Given("user has launched the Bajaao website")
public void user_has_launched_the_bajaao_website() {
    // Write code here that turns the phrase above into concrete actions
    throw new io.cucumber.java.PendingException();
}
@When("user searches for an instrument")
public void user_searches_for_an_instrument() {
    // Write code here that turns the phrase above into concrete actions
    throw new io.cucumber.java.PendingException();
}
@When("Range {string} is selected")
public void range_is_selected(String string) {
    // Write code here that turns the phrase above into concrete actions
    throw new io.cucumber.java.PendingException();
}
@Then("the price is validated successfully")
public void the_price_is_validated_successfully() {
    // Write code here that turns the phrase above into concrete actions
    throw new io.cucumber.java.PendingException();
}

	at ✽.user has launched the Bajaao website(file:///C:/Users/amaan/eclipse-workspace/framework_project/src/test/resources/features/C.filter.feature:5)
]]></failure>
  </testcase>
</testsuite>