-------------------------------------------------------------------------------
Test set: TestSuite
-------------------------------------------------------------------------------
Tests run: 2, Failures: 2, Errors: 0, Skipped: 0, Time elapsed: 11.16 s <<< FAILURE! -- in TestSuite
cucumberOptions.TestRunner.runScenario["Verify product search functionality", "Bajaao Product Search Verification"](2) -- Time elapsed: 8.568 s <<< FAILURE!
io.cucumber.testng.UndefinedStepException: 
The step 'user is on the Bajaao main screen' and 1 other step(s) are undefined.
You can implement these steps using the snippet(s) below:

@Given("user is on the Bajaao main screen")
public void user_is_on_the_bajaao_main_screen() {
    // Write code here that turns the phrase above into concrete actions
    throw new io.cucumber.java.PendingException();
}
@Then("the search results should be displayed")
public void the_search_results_should_be_displayed() {
    // Write code here that turns the phrase above into concrete actions
    throw new io.cucumber.java.PendingException();
}

	at ✽.user is on the Bajaao main screen(file:///C:/Users/amaan/eclipse-workspace/framework_project/src/test/resources/features/B.search.feature:5)

cucumberOptions.TestRunner.runScenario["Validating price by filter on search results", "Validating price by filter functionality"](2) -- Time elapsed: 8.574 s <<< FAILURE!
io.cucumber.testng.UndefinedStepException: 
The step 'user has launched the Bajaao website' and 3 other step(s) are undefined.
You can implement these steps using the snippet(s) below:

@Given("user has launched the Bajaao website")
public void user_has_launched_the_bajaao_website() {
    // Write code here that turns the phrase above into concrete actions
    throw new io.cucumber.java.PendingException();
}
@When("user searches for an instrument")
public void user_searches_for_an_instrument() {
    // Write code here that turns the phrase above into concrete actions
    throw new io.cucumber.java.PendingException();
}
@When("Range {string} is selected")
public void range_is_selected(String string) {
    // Write code here that turns the phrase above into concrete actions
    throw new io.cucumber.java.PendingException();
}
@Then("the price is validated successfully")
public void the_price_is_validated_successfully() {
    // Write code here that turns the phrase above into concrete actions
    throw new io.cucumber.java.PendingException();
}

	at ✽.user has launched the Bajaao website(file:///C:/Users/amaan/eclipse-workspace/framework_project/src/test/resources/features/C.filter.feature:5)

