<?xml version="1.0" encoding="UTF-8"?>
<testsuite xmlns:xsi="http://www.w3.org/2001/XMLSchema-instance" xsi:noNamespaceSchemaLocation="https://maven.apache.org/surefire/maven-surefire-plugin/xsd/surefire-test-report.xsd" version="3.0.2" name="TestSuite" time="63.416" tests="4" errors="0" skipped="0" failures="0">
  <properties>
[...]
</properties>
  <testcase name="runScenario[&quot;login via email and password&quot;, &quot;Login functionality of registered user&quot;](1)" classname="cucumberOptions.TestRunner" time="52.022">
    <system-out><![CDATA[
@FilterByPrice
&amp#27;[1mScenario Outline:&amp#27;[22m Validating price by filter                                 &amp#27;[90m# src/test/resources/features/B_validateFilterByPrice.feature:17&amp#27;[39m

@FilterByPrice
&amp#27;[1mScenario Outline:&amp#27;[22m Validating price by filter                                 &amp#27;[90m# src/test/resources/features/B_validateFilterByPrice.feature:16&amp#27;[39m

@FilterByPrice
&amp#27;[1mScenario Outline:&amp#27;[22m Validating price by filter                                 &amp#27;[90m# src/test/resources/features/B_validateFilterByPrice.feature:15&amp#27;[39m

@login
&amp#27;[1mScenario:&amp#27;[22m login via email and password                                       &amp#27;[90m# src/test/resources/features/A_validateLogin.feature:4&amp#27;[39m
11:31:23.814 [TestNG-PoolService-4] DEBUG stepDefinations.A_LoginStep - Reached Method
11:31:23.814 [TestNG-PoolService-1] DEBUG stepDefinations.A_LoginStep - Reached Method
11:31:23.814 [TestNG-PoolService-2] DEBUG stepDefinations.A_LoginStep - Reached Method
11:31:24.901 [TestNG-PoolService-2] DEBUG stepDefinations.A_LoginStep - URL Launched
11:31:25.655 [TestNG-PoolService-4] DEBUG stepDefinations.A_LoginStep - URL Launched
11:31:28.600 [TestNG-PoolService-1] DEBUG stepDefinations.A_LoginStep - URL Launched
11:31:28.807 [TestNG-PoolService-3] DEBUG stepDefinations.A_LoginStep - Reached Method
11:31:28.906 [TestNG-PoolService-1] DEBUG stepDefinations.A_LoginStep - Window Maximized
  &amp#27;[32m✔&amp#27;[39m &amp#27;[32m&amp#27;[1mGiven &amp#27;[22muser is home page&amp#27;[39m                                                  &amp#27;[90m# stepDefinations.A_LoginStep.user_is_home_page()&amp#27;[39m
11:31:29.089 [TestNG-PoolService-1] DEBUG stepDefinations.A_LoginStep - Login Page
11:31:31.390 [TestNG-PoolService-2] DEBUG stepDefinations.A_LoginStep - Window Maximized
  &amp#27;[32m✔&amp#27;[39m &amp#27;[32m&amp#27;[1mGiven &amp#27;[22muser is home page&amp#27;[39m                                                  &amp#27;[90m# stepDefinations.A_LoginStep.user_is_home_page()&amp#27;[39m
11:31:31.408 [TestNG-PoolService-2] DEBUG stepDefinations.A_LoginStep - Login Page
11:31:32.653 [TestNG-PoolService-4] DEBUG stepDefinations.A_LoginStep - Window Maximized
  &amp#27;[32m✔&amp#27;[39m &amp#27;[32m&amp#27;[1mGiven &amp#27;[22muser is home page&amp#27;[39m                                                  &amp#27;[90m# stepDefinations.A_LoginStep.user_is_home_page()&amp#27;[39m
11:31:32.896 [TestNG-PoolService-4] DEBUG stepDefinations.A_LoginStep - Login Page
11:31:35.071 [TestNG-PoolService-1] DEBUG stepDefinations.A_LoginStep - Sign UP
11:31:36.797 [TestNG-PoolService-2] DEBUG stepDefinations.A_LoginStep - Sign UP
11:31:36.929 [TestNG-PoolService-3] DEBUG stepDefinations.A_LoginStep - URL Launched
11:31:37.582 [TestNG-PoolService-3] DEBUG stepDefinations.A_LoginStep - Window Maximized
  &amp#27;[32m✔&amp#27;[39m &amp#27;[32m&amp#27;[1mGiven &amp#27;[22muser is home page&amp#27;[39m                                                  &amp#27;[90m# stepDefinations.A_LoginStep.user_is_home_page()&amp#27;[39m
11:31:37.584 [TestNG-PoolService-3] DEBUG stepDefinations.A_LoginStep - Login Page
11:31:38.552 [TestNG-PoolService-1] DEBUG stepDefinations.A_LoginStep - Sign IN
11:31:38.643 [TestNG-PoolService-4] DEBUG stepDefinations.A_LoginStep - Sign UP
  &amp#27;[32m✔&amp#27;[39m &amp#27;[32m&amp#27;[1mWhen &amp#27;[22mclicks login&amp#27;[39m                                                        &amp#27;[90m# stepDefinations.A_LoginStep.clicks_login()&amp#27;[39m
11:31:38.942 [TestNG-PoolService-2] DEBUG stepDefinations.A_LoginStep - Sign IN
  &amp#27;[32m✔&amp#27;[39m &amp#27;[32m&amp#27;[1mWhen &amp#27;[22mclicks login&amp#27;[39m                                                        &amp#27;[90m# stepDefinations.A_LoginStep.clicks_login()&amp#27;[39m
11:31:40.979 [TestNG-PoolService-4] DEBUG stepDefinations.A_LoginStep - Sign IN
  &amp#27;[32m✔&amp#27;[39m &amp#27;[32m&amp#27;[1mWhen &amp#27;[22mclicks login&amp#27;[39m                                                        &amp#27;[90m# stepDefinations.A_LoginStep.clicks_login()&amp#27;[39m
11:31:42.385 [TestNG-PoolService-1] DEBUG stepDefinations.A_LoginStep - Email Entered
11:31:44.526 [TestNG-PoolService-2] DEBUG stepDefinations.A_LoginStep - Email Entered
11:31:44.671 [TestNG-PoolService-3] DEBUG stepDefinations.A_LoginStep - Sign UP
11:31:46.567 [TestNG-PoolService-1] DEBUG stepDefinations.A_LoginStep - Password Entered
11:31:47.406 [TestNG-PoolService-4] DEBUG stepDefinations.A_LoginStep - Email Entered
11:31:47.415 [TestNG-PoolService-2] DEBUG stepDefinations.A_LoginStep - Password Entered
11:31:47.928 [TestNG-PoolService-3] DEBUG stepDefinations.A_LoginStep - Sign IN
  &amp#27;[32m✔&amp#27;[39m &amp#27;[32m&amp#27;[1mWhen &amp#27;[22mclicks login&amp#27;[39m                                                        &amp#27;[90m# stepDefinations.A_LoginStep.clicks_login()&amp#27;[39m
11:31:48.509 [TestNG-PoolService-4] DEBUG stepDefinations.A_LoginStep - Password Entered
  &amp#27;[32m✔&amp#27;[39m &amp#27;[32m&amp#27;[1mAnd &amp#27;[22muser enters email &amp#27;[1m"priyankauser@gmail.com"&amp#27;[22m and password &amp#27;[1m"Priyanka@1"&amp#27;[22m&amp#27;[39m &amp#27;[90m# stepDefinations.A_LoginStep.user_enters_email_and_password(java.lang.String,java.lang.String)&amp#27;[39m
  &amp#27;[32m✔&amp#27;[39m &amp#27;[32m&amp#27;[1mAnd &amp#27;[22muser enters email &amp#27;[1m"priyankauser@gmail.com"&amp#27;[22m and password &amp#27;[1m"Priyanka@1"&amp#27;[22m&amp#27;[39m &amp#27;[90m# stepDefinations.A_LoginStep.user_enters_email_and_password(java.lang.String,java.lang.String)&amp#27;[39m
  &amp#27;[32m✔&amp#27;[39m &amp#27;[32m&amp#27;[1mAnd &amp#27;[22muser enters email &amp#27;[1m"priyankauser@gmail.com"&amp#27;[22m and password &amp#27;[1m"Priyanka@1"&amp#27;[22m&amp#27;[39m &amp#27;[90m# stepDefinations.A_LoginStep.user_enters_email_and_password(java.lang.String,java.lang.String)&amp#27;[39m
11:31:50.859 [TestNG-PoolService-3] DEBUG stepDefinations.A_LoginStep - Email Entered
11:31:51.684 [TestNG-PoolService-2] DEBUG stepDefinations.A_LoginStep - Logged IN
11:31:51.874 [TestNG-PoolService-1] DEBUG stepDefinations.A_LoginStep - Logged IN
11:31:53.622 [TestNG-PoolService-4] DEBUG stepDefinations.A_LoginStep - Logged IN
  &amp#27;[32m✔&amp#27;[39m &amp#27;[32m&amp#27;[1mThen &amp#27;[22muser is successfully logged in&amp#27;[39m                                      &amp#27;[90m# stepDefinations.A_LoginStep.user_is_successfully_logged_in()&amp#27;[39m
11:31:54.020 [TestNG-PoolService-3] DEBUG stepDefinations.A_LoginStep - Password Entered
  &amp#27;[32m✔&amp#27;[39m &amp#27;[32m&amp#27;[1mThen &amp#27;[22muser is successfully logged in&amp#27;[39m                                      &amp#27;[90m# stepDefinations.A_LoginStep.user_is_successfully_logged_in()&amp#27;[39m
  &amp#27;[32m✔&amp#27;[39m &amp#27;[32m&amp#27;[1mAnd &amp#27;[22muser enters email &amp#27;[1m"priyankauser@gmail.com"&amp#27;[22m and password &amp#27;[1m"Priyanka@1"&amp#27;[22m&amp#27;[39m &amp#27;[90m# stepDefinations.A_LoginStep.user_enters_email_and_password(java.lang.String,java.lang.String)&amp#27;[39m
  &amp#27;[32m✔&amp#27;[39m &amp#27;[32m&amp#27;[1mThen &amp#27;[22muser is successfully logged in&amp#27;[39m                                      &amp#27;[90m# stepDefinations.A_LoginStep.user_is_successfully_logged_in()&amp#27;[39m
11:31:56.899 [TestNG-PoolService-3] DEBUG stepDefinations.A_LoginStep - Logged IN
  &amp#27;[32m✔&amp#27;[39m &amp#27;[32m&amp#27;[1mGiven &amp#27;[22muser is on search screen and in stock is checked&amp#27;[39m                   &amp#27;[90m# stepDefinations.B_FilterByPriceStep.user_is_on_search_screen_and_in_stock_is_checked()&amp#27;[39m
  &amp#27;[32m✔&amp#27;[39m &amp#27;[32m&amp#27;[1mThen &amp#27;[22muser is successfully logged in&amp#27;[39m                                      &amp#27;[90m# stepDefinations.A_LoginStep.user_is_successfully_logged_in()&amp#27;[39m
  &amp#27;[32m✔&amp#27;[39m &amp#27;[32m&amp#27;[1mGiven &amp#27;[22muser is on search screen and in stock is checked&amp#27;[39m                   &amp#27;[90m# stepDefinations.B_FilterByPriceStep.user_is_on_search_screen_and_in_stock_is_checked()&amp#27;[39m
  &amp#27;[32m✔&amp#27;[39m &amp#27;[32m&amp#27;[1mGiven &amp#27;[22muser is on search screen and in stock is checked&amp#27;[39m                   &amp#27;[90m# stepDefinations.B_FilterByPriceStep.user_is_on_search_screen_and_in_stock_is_checked()&amp#27;[39m
  &amp#27;[32m✔&amp#27;[39m &amp#27;[32m&amp#27;[1mWhen &amp#27;[22mRange &amp#27;[1m"Below ₹60"&amp#27;[22m is selected&amp#27;[39m                                       &amp#27;[90m# stepDefinations.B_FilterByPriceStep.range_is_selected(java.lang.String)&amp#27;[39m
  &amp#27;[32m✔&amp#27;[39m &amp#27;[32m&amp#27;[1mWhen &amp#27;[22mRange &amp#27;[1m"Above ₹70"&amp#27;[22m is selected&amp#27;[39m                                       &amp#27;[90m# stepDefinations.B_FilterByPriceStep.range_is_selected(java.lang.String)&amp#27;[39m
  &amp#27;[32m✔&amp#27;[39m &amp#27;[32m&amp#27;[1mWhen &amp#27;[22mRange &amp#27;[1m"₹60 - ₹70"&amp#27;[22m is selected&amp#27;[39m                                       &amp#27;[90m# stepDefinations.B_FilterByPriceStep.range_is_selected(java.lang.String)&amp#27;[39m
]]></system-out>
    <system-err><![CDATA[SLF4J(W): No SLF4J providers were found.
SLF4J(W): Defaulting to no-operation (NOP) logger implementation
SLF4J(W): See https://www.slf4j.org/codes.html#noProviders for further details.
Jun 16, 2026 11:31:14 AM org.openqa.selenium.remote.tracing.opentelemetry.OpenTelemetryTracer createTracer
INFO: Using OpenTelemetry for tracing
]]></system-err>
  </testcase>
  <testcase name="runScenario[&quot;Validating price by filter&quot;, &quot;Validating price by filter functionality&quot;](2)" classname="cucumberOptions.TestRunner" time="60.559">
    <system-out><![CDATA[  &amp#27;[32m✔&amp#27;[39m &amp#27;[32m&amp#27;[1mThen &amp#27;[22mprice is validated&amp#27;[39m                                                  &amp#27;[90m# stepDefinations.B_FilterByPriceStep.price_is_validated()&amp#27;[39m
  &amp#27;[32m✔&amp#27;[39m &amp#27;[32m&amp#27;[1mThen &amp#27;[22mprice is validated&amp#27;[39m                                                  &amp#27;[90m# stepDefinations.B_FilterByPriceStep.price_is_validated()&amp#27;[39m
  &amp#27;[32m✔&amp#27;[39m &amp#27;[32m&amp#27;[1mThen &amp#27;[22mprice is validated&amp#27;[39m                                                  &amp#27;[90m# stepDefinations.B_FilterByPriceStep.price_is_validated()&amp#27;[39m
]]></system-out>
  </testcase>
  <testcase name="runScenario[&quot;Validating price by filter&quot;, &quot;Validating price by filter functionality&quot;](3)" classname="cucumberOptions.TestRunner" time="60.661"/>
  <testcase name="runScenario[&quot;Validating price by filter&quot;, &quot;Validating price by filter functionality&quot;](4)" classname="cucumberOptions.TestRunner" time="61.611"/>
</testsuite>