<?xml version="1.0" encoding="UTF-8"?>
<testng-results ignored="0" total="3" passed="2" failed="1" skipped="0">
  <reporter-output>
  </reporter-output>
  <suite started-at="2026-06-24T02:25:22 IST" name="Default suite" finished-at="2026-06-24T02:26:52 IST" duration-ms="90136">
    <groups>
      <group name="cucumber">
        <method signature="AbstractTestNGCucumberTests.runScenario(io.cucumber.testng.PickleWrapper,io.cucumber.testng.FeatureWrapper)[pri:0, instance:cucumberOptions.TestRunner@47c81abf]" name="runScenario" class="io.cucumber.testng.AbstractTestNGCucumberTests"/>
      </group> <!-- cucumber -->
    </groups>
    <test started-at="2026-06-24T02:25:22 IST" name="Default test" finished-at="2026-06-24T02:26:52 IST" duration-ms="90136">
      <class name="cucumberOptions.TestRunner">
        <test-method is-config="true" signature="setUpClass(org.testng.ITestContext)[pri:0, instance:cucumberOptions.TestRunner@47c81abf]" started-at="2026-06-24T02:25:22 IST" name="setUpClass" finished-at="2026-06-24T02:25:22 IST" duration-ms="361" status="PASS">
          <params>
            <param index="0">
              <value>
                <![CDATA[org.testng.TestRunner@34625ccd]]>
              </value>
            </param>
          </params>
          <reporter-output>
          </reporter-output>
        </test-method> <!-- setUpClass -->
        <test-method signature="runScenario(io.cucumber.testng.PickleWrapper,io.cucumber.testng.FeatureWrapper)[pri:0, instance:cucumberOptions.TestRunner@47c81abf]" started-at="2026-06-24T02:25:22 IST" name="runScenario" description="Runs Cucumber Scenarios" data-provider="scenarios" finished-at="2026-06-24T02:25:47 IST" duration-ms="24805" status="PASS">
          <params>
            <param index="0">
              <value>
                <![CDATA["Verify Bajaao Homepage loads successfully"]]>
              </value>
            </param>
            <param index="1">
              <value>
                <![CDATA["Bajaao Homepage Verification"]]>
              </value>
            </param>
          </params>
          <reporter-output>
          </reporter-output>
        </test-method> <!-- runScenario -->
        <test-method signature="runScenario(io.cucumber.testng.PickleWrapper,io.cucumber.testng.FeatureWrapper)[pri:0, instance:cucumberOptions.TestRunner@47c81abf]" started-at="2026-06-24T02:25:22 IST" name="runScenario" description="Runs Cucumber Scenarios" data-provider="scenarios" finished-at="2026-06-24T02:25:54 IST" duration-ms="31813" status="PASS">
          <params>
            <param index="0">
              <value>
                <![CDATA["Verify product search functionality"]]>
              </value>
            </param>
            <param index="1">
              <value>
                <![CDATA["Bajaao Product Search Verification"]]>
              </value>
            </param>
          </params>
          <reporter-output>
          </reporter-output>
        </test-method> <!-- runScenario -->
        <test-method signature="runScenario(io.cucumber.testng.PickleWrapper,io.cucumber.testng.FeatureWrapper)[pri:0, instance:cucumberOptions.TestRunner@47c81abf]" started-at="2026-06-24T02:25:22 IST" name="runScenario" description="Runs Cucumber Scenarios" data-provider="scenarios" finished-at="2026-06-24T02:26:52 IST" duration-ms="89682" status="FAIL">
          <params>
            <param index="0">
              <value>
                <![CDATA["Validating price by filter on search results"]]>
              </value>
            </param>
            <param index="1">
              <value>
                <![CDATA["Validating price by filter functionality"]]>
              </value>
            </param>
          </params>
          <exception class="java.lang.AssertionError">
            <message>
              <![CDATA[The price filter tags were not displayed on the page. expected [true] but found [false]]]>
            </message>
            <full-stacktrace>
              <![CDATA[java.lang.AssertionError: The price filter tags were not displayed on the page. expected [true] but found [false]
at org.testng.Assert.fail(Assert.java:111)
at org.testng.Assert.failNotEquals(Assert.java:1590)
at org.testng.Assert.assertTrue(Assert.java:57)
at stepDefinations.FilterSteps.the_price_is_validated_successfully(FilterSteps.java:42)
at ✽.the price is validated successfully(file:///C:/Users/amaan/eclipse-workspace/framework_project/src/test/resources/features/C.filter.feature:8)
]]>
            </full-stacktrace>
          </exception> <!-- java.lang.AssertionError -->
          <reporter-output>
          </reporter-output>
        </test-method> <!-- runScenario -->
        <test-method is-config="true" signature="tearDownClass()[pri:0, instance:cucumberOptions.TestRunner@47c81abf]" started-at="2026-06-24T02:26:52 IST" name="tearDownClass" finished-at="2026-06-24T02:26:52 IST" duration-ms="10" status="PASS">
          <reporter-output>
          </reporter-output>
        </test-method> <!-- tearDownClass -->
      </class> <!-- cucumberOptions.TestRunner -->
    </test> <!-- Default test -->
  </suite> <!-- Default suite -->
</testng-results>
