<?xml version="1.0" encoding="UTF-8"?>
<!-- Generated by org.testng.reporters.JUnitReportReporter -->
<testsuite hostname="LP-TZ-85009848" failures="0" tests="4" name="cucumberOptions.TestRunner" time="3.314" errors="4" timestamp="2026-06-15T16:25:31 IST" skipped="0">
  <testcase classname="cucumberOptions.TestRunner" name="runScenario" time="0.059">
    <error message="Cannot invoke &quot;org.openqa.selenium.WebDriver.quit()&quot; because the return value of &quot;hooks.ScenerioHook.getdriver()&quot; is null" type="java.lang.NullPointerException">
      <![CDATA[java.lang.NullPointerException: Cannot invoke "org.openqa.selenium.WebDriver.quit()" because the return value of "hooks.ScenerioHook.getdriver()" is null
at hooks.ScenerioHook.tearDown(ScenerioHook.java:54)
]]>
    </error>
  </testcase> <!-- runScenario -->
  <testcase classname="cucumberOptions.TestRunner" name="runScenario" time="0.066">
    <error message="Cannot invoke &quot;org.openqa.selenium.WebDriver.quit()&quot; because the return value of &quot;hooks.ScenerioHook.getdriver()&quot; is null" type="java.lang.NullPointerException">
      <![CDATA[java.lang.NullPointerException: Cannot invoke "org.openqa.selenium.WebDriver.quit()" because the return value of "hooks.ScenerioHook.getdriver()" is null
at hooks.ScenerioHook.tearDown(ScenerioHook.java:54)
]]>
    </error>
  </testcase> <!-- runScenario -->
  <testcase classname="cucumberOptions.TestRunner" name="runScenario" time="3.024">
    <error message="Cannot invoke &quot;org.openqa.selenium.WebDriver.quit()&quot; because the return value of &quot;hooks.ScenerioHook.getdriver()&quot; is null" type="java.lang.NullPointerException">
      <![CDATA[java.lang.NullPointerException: Cannot invoke "org.openqa.selenium.WebDriver.quit()" because the return value of "hooks.ScenerioHook.getdriver()" is null
at hooks.ScenerioHook.tearDown(ScenerioHook.java:54)
]]>
    </error>
  </testcase> <!-- runScenario -->
  <testcase classname="cucumberOptions.TestRunner" name="runScenario" time="0.165">
    <error message="Cannot invoke &quot;org.openqa.selenium.WebDriver.quit()&quot; because the return value of &quot;hooks.ScenerioHook.getdriver()&quot; is null" type="java.lang.NullPointerException">
      <![CDATA[java.lang.NullPointerException: Cannot invoke "org.openqa.selenium.WebDriver.quit()" because the return value of "hooks.ScenerioHook.getdriver()" is null
at hooks.ScenerioHook.tearDown(ScenerioHook.java:54)
]]>
    </error>
  </testcase> <!-- runScenario -->
</testsuite> <!-- cucumberOptions.TestRunner -->
