<?xml version="1.0" encoding="UTF-8"?>
<!-- Generated by org.testng.reporters.JUnitReportReporter -->
<testsuite hostname="LAPTOP-JR217BMT" failures="1" tests="3" name="cucumberOptions.TestRunner" time="146.300" errors="0" timestamp="2026-06-24T02:26:52 IST" skipped="0">
  <testcase classname="cucumberOptions.TestRunner" name="runScenario" time="24.805"/>
  <testcase classname="cucumberOptions.TestRunner" name="runScenario" time="89.682">
    <failure message="The price filter tags were not displayed on the page. expected [true] but found [false]" type="java.lang.AssertionError">
      <![CDATA[java.lang.AssertionError: The price filter tags were not displayed on the page. expected [true] but found [false]
at org.testng.Assert.fail(Assert.java:111)
at org.testng.Assert.failNotEquals(Assert.java:1590)
at org.testng.Assert.assertTrue(Assert.java:57)
at stepDefinations.FilterSteps.the_price_is_validated_successfully(FilterSteps.java:42)
at ✽.the price is validated successfully(file:///C:/Users/amaan/eclipse-workspace/framework_project/src/test/resources/features/C.filter.feature:8)
]]>
    </failure>
  </testcase> <!-- runScenario -->
  <testcase classname="cucumberOptions.TestRunner" name="runScenario" time="31.813"/>
</testsuite> <!-- cucumberOptions.TestRunner -->
