<?xml version="1.0" encoding="UTF-8"?>
<!-- Generated by org.testng.reporters.JUnitReportReporter -->
<testsuite hostname="LP-TZ-85009848" failures="0" tests="4" name="cucumberOptions.TestRunner" time="234.827" errors="0" timestamp="2026-06-16T11:32:16 IST" skipped="0">
  <testcase classname="cucumberOptions.TestRunner" name="runScenario" time="61.615"/>
  <testcase classname="cucumberOptions.TestRunner" name="runScenario" time="51.989"/>
  <testcase classname="cucumberOptions.TestRunner" name="runScenario" time="60.561"/>
  <testcase classname="cucumberOptions.TestRunner" name="runScenario" time="60.662"/>
</testsuite> <!-- cucumberOptions.TestRunner -->
