<?xml version="1.0" encoding="UTF-8"?>
<!-- Generated by org.testng.reporters.JUnitReportReporter -->
<testsuite hostname="LAPTOP-JR217BMT" failures="0" tests="2" name="cucumberOptions.TestRunner" time="17.116" errors="2" timestamp="2026-06-24T01:09:42 IST" skipped="0">
  <testcase classname="cucumberOptions.TestRunner" name="runScenario" time="8.557">
    <error message="The step &#039;user has launched the Bajaao website&#039; and 3 other step(s) are undefined.
You can implement these steps using the snippet(s) below:

@Given(&quot;user has launched the Bajaao website&quot;)
public void user_has_launched_the_bajaao_website() {
    // Write code here that turns the phrase above into concrete actions
    throw new io.cucumber.java.PendingException();
}
@When(&quot;user searches for an instrument&quot;)
public void user_searches_for_an_instrument() {
    // Write code here that turns the phrase above into concrete actions
    throw new io.cucumber.java.PendingException();
}
@When(&quot;Range {string} is selected&quot;)
public void range_is_selected(String string) {
    // Write code here that turns the phrase above into concrete actions
    throw new io.cucumber.java.PendingException();
}
@Then(&quot;the price is validated successfully&quot;)
public void the_price_is_validated_successfully() {
    // Write code here that turns the phrase above into concrete actions
    throw new io.cucumber.java.PendingException();
}
" type="io.cucumber.testng.UndefinedStepException">
      <![CDATA[io.cucumber.testng.UndefinedStepException: The step 'user has launched the Bajaao website' and 3 other step(s) are undefined.
You can implement these steps using the snippet(s) below:

@Given("user has launched the Bajaao website")
public void user_has_launched_the_bajaao_website() {
    // Write code here that turns the phrase above into concrete actions
    throw new io.cucumber.java.PendingException();
}
@When("user searches for an instrument")
public void user_searches_for_an_instrument() {
    // Write code here that turns the phrase above into concrete actions
    throw new io.cucumber.java.PendingException();
}
@When("Range {string} is selected")
public void range_is_selected(String string) {
    // Write code here that turns the phrase above into concrete actions
    throw new io.cucumber.java.PendingException();
}
@Then("the price is validated successfully")
public void the_price_is_validated_successfully() {
    // Write code here that turns the phrase above into concrete actions
    throw new io.cucumber.java.PendingException();
}

at ✽.user has launched the Bajaao website(file:///C:/Users/amaan/eclipse-workspace/framework_project/src/test/resources/features/C.filter.feature:5)
]]>
    </error>
  </testcase> <!-- runScenario -->
  <testcase classname="cucumberOptions.TestRunner" name="runScenario" time="8.559">
    <error message="The step &#039;user is on the Bajaao main screen&#039; and 1 other step(s) are undefined.
You can implement these steps using the snippet(s) below:

@Given(&quot;user is on the Bajaao main screen&quot;)
public void user_is_on_the_bajaao_main_screen() {
    // Write code here that turns the phrase above into concrete actions
    throw new io.cucumber.java.PendingException();
}
@Then(&quot;the search results should be displayed&quot;)
public void the_search_results_should_be_displayed() {
    // Write code here that turns the phrase above into concrete actions
    throw new io.cucumber.java.PendingException();
}
" type="io.cucumber.testng.UndefinedStepException">
      <![CDATA[io.cucumber.testng.UndefinedStepException: The step 'user is on the Bajaao main screen' and 1 other step(s) are undefined.
You can implement these steps using the snippet(s) below:

@Given("user is on the Bajaao main screen")
public void user_is_on_the_bajaao_main_screen() {
    // Write code here that turns the phrase above into concrete actions
    throw new io.cucumber.java.PendingException();
}
@Then("the search results should be displayed")
public void the_search_results_should_be_displayed() {
    // Write code here that turns the phrase above into concrete actions
    throw new io.cucumber.java.PendingException();
}

at ✽.user is on the Bajaao main screen(file:///C:/Users/amaan/eclipse-workspace/framework_project/src/test/resources/features/B.search.feature:5)
]]>
    </error>
  </testcase> <!-- runScenario -->
</testsuite> <!-- cucumberOptions.TestRunner -->
